{"uuid":"d772d106-87d1-4dbb-b14f-bdc2739111c2","historyId":"b57d90816ffa30b1ee42cfde76e31d11","testCaseId":"163bdd61154d471847851d2c31d54c96","titlePath":["PruebaTestDemo","Features","Login de usuario"],"fullName":"PruebaTestDemo/Features/Login de usuario/Login exitoso","labels":[{"name":"host","value":"DESKTOP-1S5KHS3"},{"name":"thread","value":"NUnit.Fw.NonParallelWorker"},{"name":"language","value":"C#"},{"name":"framework","value":"Reqnroll"},{"name":"package","value":"Features.Login de usuario"},{"name":"feature","value":"Login de usuario"}],"links":[],"name":"Login exitoso","status":"failed","statusDetails":{"known":false,"muted":false,"flaky":false,"message":"El login debería ser exitoso pero NO se encontró el elemento 'Mis solicitudes'","trace":"NUnit.Framework.AssertionException: El login debería ser exitoso pero NO se encontró el elemento 'Mis solicitudes'\r\n   at NUnit.Framework.Assert.ReportFailure(String message)\r\n   at NUnit.Framework.Assert.Fail(String message)\r\n   at PruebaTestDemo.PageObjects.BandejasPage.validarLoginExitoso() in C:\\Users\\eromans\\source\\repos\\PruebaTestDemo\\PruebaTestDemo\\PageObjects\\BandejasPage.cs:line 43\r\n   at PruebaTestDemo.StepDefinitions.BandejasSD.ThenVerificoQueElLoginSeaExitoso() in C:\\Users\\eromans\\source\\repos\\PruebaTestDemo\\PruebaTestDemo\\StepDefinitions\\BandejasSD.cs:line 36\r\n   at InvokeStub_Action`1.Invoke(Object, Span`1)\r\n   at System.Reflection.MethodBaseInvoker.InvokeWithOneArg(Object obj, BindingFlags invokeAttr, Binder binder, Object[] parameters, CultureInfo culture)\r\n--- End of stack trace from previous location ---\r\n   at Reqnroll.Bindings.BindingInvoker.InvokeBindingAsync(IBinding binding, IContextManager contextManager, Object[] arguments, ITestTracer testTracer, DurationHolder durationHolder)\r\n   at Reqnroll.Infrastructure.TestExecutionEngine.ExecuteStepMatchAsync(BindingMatch match, Object[] arguments, DurationHolder durationHolder)\r\n   at Reqnroll.Infrastructure.TestExecutionEngine.ExecuteStepMatchAsync(BindingMatch match, Object[] arguments, DurationHolder durationHolder)\r\n   at Reqnroll.Infrastructure.TestExecutionEngine.<>c__DisplayClass57_0.<<ExecuteStepAsync>b__7>d.MoveNext()\r\n--- End of stack trace from previous location ---\r\n   at Reqnroll.Infrastructure.TestExecutionEngine.<>c__DisplayClass57_0.<<ExecuteStepAsync>g__HandleStepExecutionExceptions|0>d.MoveNext()\r\n   at Reqnroll.Infrastructure.TestExecutionEngine.OnAfterLastStepAsync()\r\n   at Reqnroll.TestRunner.CollectScenarioErrorsAsync()\r\n   at Allure.ReqnrollPlugin.SelectiveRun.TestPlanAwareTestRunner.CollectScenarioErrorsAsync()\r\n   at PruebaTestDemo.Features.LoginDeUsuarioFeature.ScenarioCleanupAsync()\r\n   at PruebaTestDemo.Features.LoginDeUsuarioFeature.LoginExitoso(String user, String password, String __pickleIndex, String[] exampleTags) in C:\\Users\\eromans\\source\\repos\\PruebaTestDemo\\PruebaTestDemo\\Features\\Login.feature:line 9\r\n   at NUnit.Framework.Internal.TaskAwaitAdapter.GenericAdapter`1.GetResult()\r\n   at NUnit.Framework.Internal.AsyncToSyncAdapter.Await[TResult](TestExecutionContext context, Func`1 invoke)\r\n   at NUnit.Framework.Internal.AsyncToSyncAdapter.Await(TestExecutionContext context, Func`1 invoke)\r\n   at NUnit.Framework.Internal.Commands.TestMethodCommand.RunTestMethod(TestExecutionContext context)\r\n   at NUnit.Framework.Internal.Commands.TestMethodCommand.Execute(TestExecutionContext context)\r\n   at NUnit.Framework.Internal.Commands.BeforeAndAfterTestCommand.<>c__DisplayClass1_0.<Execute>b__0()\r\n   at NUnit.Framework.Internal.Commands.DelegatingTestCommand.RunTestMethodInThreadAbortSafeZone(TestExecutionContext context, Action action)"},"stage":"finished","steps":[{"name":"Given que el usuario ingresa al ambiente \"UAT\"","status":"passed","statusDetails":{"known":false,"muted":false,"flaky":false},"stage":"finished","steps":[],"attachments":[],"parameters":[],"start":1765479551505,"stop":1765479553235},{"name":"When Ingreso el usuario \"albop_can1@yopmail.com\" y la contrasenia \"123456789\"","status":"passed","statusDetails":{"known":false,"muted":false,"flaky":false},"stage":"finished","steps":[],"attachments":[],"parameters":[],"start":1765479553239,"stop":1765479553641},{"name":"When el usuario hace clic en el boton de iniciar sesion","status":"passed","statusDetails":{"known":false,"muted":false,"flaky":false},"stage":"finished","steps":[],"attachments":[],"parameters":[],"start":1765479553643,"stop":1765479553771},{"name":"Then Valido que el login sea exitoso","status":"failed","statusDetails":{"known":false,"muted":false,"flaky":false,"message":"El login debería ser exitoso pero NO se encontró el elemento 'Mis solicitudes'","trace":"NUnit.Framework.AssertionException: El login debería ser exitoso pero NO se encontró el elemento 'Mis solicitudes'\r\n   at NUnit.Framework.Assert.ReportFailure(String message)\r\n   at NUnit.Framework.Assert.Fail(String message)\r\n   at PruebaTestDemo.PageObjects.BandejasPage.validarLoginExitoso() in C:\\Users\\eromans\\source\\repos\\PruebaTestDemo\\PruebaTestDemo\\PageObjects\\BandejasPage.cs:line 43\r\n   at PruebaTestDemo.StepDefinitions.BandejasSD.ThenVerificoQueElLoginSeaExitoso() in C:\\Users\\eromans\\source\\repos\\PruebaTestDemo\\PruebaTestDemo\\StepDefinitions\\BandejasSD.cs:line 36\r\n   at InvokeStub_Action`1.Invoke(Object, Span`1)\r\n   at System.Reflection.MethodBaseInvoker.InvokeWithOneArg(Object obj, BindingFlags invokeAttr, Binder binder, Object[] parameters, CultureInfo culture)\r\n--- End of stack trace from previous location ---\r\n   at Reqnroll.Bindings.BindingInvoker.InvokeBindingAsync(IBinding binding, IContextManager contextManager, Object[] arguments, ITestTracer testTracer, DurationHolder durationHolder)\r\n   at Reqnroll.Infrastructure.TestExecutionEngine.ExecuteStepMatchAsync(BindingMatch match, Object[] arguments, DurationHolder durationHolder)\r\n   at Reqnroll.Infrastructure.TestExecutionEngine.ExecuteStepMatchAsync(BindingMatch match, Object[] arguments, DurationHolder durationHolder)\r\n   at Reqnroll.Infrastructure.TestExecutionEngine.<>c__DisplayClass57_0.<<ExecuteStepAsync>b__7>d.MoveNext()\r\n--- End of stack trace from previous location ---\r\n   at Reqnroll.Infrastructure.TestExecutionEngine.<>c__DisplayClass57_0.<<ExecuteStepAsync>g__HandleStepExecutionExceptions|0>d.MoveNext()"},"stage":"finished","steps":[],"attachments":[],"parameters":[],"start":1765479553773,"stop":1765479563830}],"attachments":[],"parameters":[{"name":"user","value":"\"albop_can1@yopmail.com\"","excluded":false},{"name":"password","value":"\"123456789\"","excluded":false}],"start":1765479551474,"stop":1765479563838}