{"uuid":"a22fa3ae-446c-4967-8df1-a20f0d67d419","historyId":"7e23361bb9466def5a063016a74d1a59","testCaseId":"6f51fa0e761c06575f3bf523d201b6fb","titlePath":["PruebaTestDemo","Features","Login de usuario"],"fullName":"PruebaTestDemo/Features/Login de usuario/Login fallido","labels":[{"name":"host","value":"DESKTOP-1S5KHS3"},{"name":"thread","value":"NUnit.Fw.NonParallelWorker"},{"name":"language","value":"C#"},{"name":"framework","value":"Reqnroll"},{"name":"package","value":"Features.Login de usuario"},{"name":"feature","value":"Login de usuario"}],"links":[],"name":"Login fallido","status":"broken","statusDetails":{"known":false,"muted":false,"flaky":false,"message":"Login fall贸 correctamente, el usuario no pudo acceder","trace":"NUnit.Framework.SuccessException: Login fall贸 correctamente, el usuario no pudo acceder\r\n   at NUnit.Framework.Assert.Pass(String message)\r\n   at PruebaTestDemo.StepDefinitions.BandejasSD.ThenValidoQueElLoginSeaFallido() in C:\\Users\\eromans\\source\\repos\\PruebaTestDemo\\PruebaTestDemo\\StepDefinitions\\BandejasSD.cs:line 77\r\n   at InvokeStub_Action`1.Invoke(Object, Span`1)\r\n   at System.Reflection.MethodBaseInvoker.InvokeWithOneArg(Object obj, BindingFlags invokeAttr, Binder binder, Object[] parameters, CultureInfo culture)\r\n--- End of stack trace from previous location ---\r\n   at Reqnroll.Bindings.BindingInvoker.InvokeBindingAsync(IBinding binding, IContextManager contextManager, Object[] arguments, ITestTracer testTracer, DurationHolder durationHolder)\r\n   at Reqnroll.Infrastructure.TestExecutionEngine.ExecuteStepMatchAsync(BindingMatch match, Object[] arguments, DurationHolder durationHolder)\r\n   at Reqnroll.Infrastructure.TestExecutionEngine.ExecuteStepMatchAsync(BindingMatch match, Object[] arguments, DurationHolder durationHolder)\r\n   at Reqnroll.Infrastructure.TestExecutionEngine.<>c__DisplayClass57_0.<<ExecuteStepAsync>b__7>d.MoveNext()\r\n--- End of stack trace from previous location ---\r\n   at Reqnroll.Infrastructure.TestExecutionEngine.<>c__DisplayClass57_0.<<ExecuteStepAsync>g__HandleStepExecutionExceptions|0>d.MoveNext()\r\n   at Reqnroll.Infrastructure.TestExecutionEngine.OnAfterLastStepAsync()\r\n   at Reqnroll.TestRunner.CollectScenarioErrorsAsync()\r\n   at Allure.ReqnrollPlugin.SelectiveRun.TestPlanAwareTestRunner.CollectScenarioErrorsAsync()\r\n   at PruebaTestDemo.Features.LoginDeUsuarioFeature.ScenarioCleanupAsync()\r\n   at PruebaTestDemo.Features.LoginDeUsuarioFeature.LoginFallido(String user, String password, String __pickleIndex, String[] exampleTags) in C:\\Users\\eromans\\source\\repos\\PruebaTestDemo\\PruebaTestDemo\\Features\\Login.feature:line 17\r\n   at NUnit.Framework.Internal.TaskAwaitAdapter.GenericAdapter`1.GetResult()\r\n   at NUnit.Framework.Internal.AsyncToSyncAdapter.Await[TResult](TestExecutionContext context, Func`1 invoke)\r\n   at NUnit.Framework.Internal.AsyncToSyncAdapter.Await(TestExecutionContext context, Func`1 invoke)\r\n   at NUnit.Framework.Internal.Commands.TestMethodCommand.RunTestMethod(TestExecutionContext context)\r\n   at NUnit.Framework.Internal.Commands.TestMethodCommand.Execute(TestExecutionContext context)\r\n   at NUnit.Framework.Internal.Commands.BeforeAndAfterTestCommand.<>c__DisplayClass1_0.<Execute>b__0()\r\n   at NUnit.Framework.Internal.Commands.DelegatingTestCommand.RunTestMethodInThreadAbortSafeZone(TestExecutionContext context, Action action)"},"stage":"finished","steps":[{"name":"Given que el usuario ingresa al ambiente \"UAT\"","status":"passed","statusDetails":{"known":false,"muted":false,"flaky":false},"stage":"finished","steps":[],"attachments":[],"parameters":[],"start":1765389020674,"stop":1765389022116},{"name":"When Ingreso el usuario \"albop_can1@yopmail.comm\" y la contrasenia \"87654321\"","status":"passed","statusDetails":{"known":false,"muted":false,"flaky":false},"stage":"finished","steps":[],"attachments":[],"parameters":[],"start":1765389022117,"stop":1765389022490},{"name":"When el usuario hace clic en el boton de iniciar sesion","status":"passed","statusDetails":{"known":false,"muted":false,"flaky":false},"stage":"finished","steps":[],"attachments":[],"parameters":[],"start":1765389022491,"stop":1765389022647},{"name":"Then Valido que el login sea fallido","status":"broken","statusDetails":{"known":false,"muted":false,"flaky":false,"message":"Login fall贸 correctamente, el usuario no pudo acceder","trace":"NUnit.Framework.SuccessException: Login fall贸 correctamente, el usuario no pudo acceder\r\n   at NUnit.Framework.Assert.Pass(String message)\r\n   at PruebaTestDemo.StepDefinitions.BandejasSD.ThenValidoQueElLoginSeaFallido() in C:\\Users\\eromans\\source\\repos\\PruebaTestDemo\\PruebaTestDemo\\StepDefinitions\\BandejasSD.cs:line 77\r\n   at InvokeStub_Action`1.Invoke(Object, Span`1)\r\n   at System.Reflection.MethodBaseInvoker.InvokeWithOneArg(Object obj, BindingFlags invokeAttr, Binder binder, Object[] parameters, CultureInfo culture)\r\n--- End of stack trace from previous location ---\r\n   at Reqnroll.Bindings.BindingInvoker.InvokeBindingAsync(IBinding binding, IContextManager contextManager, Object[] arguments, ITestTracer testTracer, DurationHolder durationHolder)\r\n   at Reqnroll.Infrastructure.TestExecutionEngine.ExecuteStepMatchAsync(BindingMatch match, Object[] arguments, DurationHolder durationHolder)\r\n   at Reqnroll.Infrastructure.TestExecutionEngine.ExecuteStepMatchAsync(BindingMatch match, Object[] arguments, DurationHolder durationHolder)\r\n   at Reqnroll.Infrastructure.TestExecutionEngine.<>c__DisplayClass57_0.<<ExecuteStepAsync>b__7>d.MoveNext()\r\n--- End of stack trace from previous location ---\r\n   at Reqnroll.Infrastructure.TestExecutionEngine.<>c__DisplayClass57_0.<<ExecuteStepAsync>g__HandleStepExecutionExceptions|0>d.MoveNext()"},"stage":"finished","steps":[],"attachments":[],"parameters":[],"start":1765389022648,"stop":1765389032816}],"attachments":[],"parameters":[{"name":"user","value":"\"albop_can1@yopmail.comm\"","excluded":false},{"name":"password","value":"\"87654321\"","excluded":false}],"start":1765389020674,"stop":1765389032843}